mode: set
github.com/seatgeek/auth0-operator/api/v1/register.go:17.53,19.2 1 0
github.com/seatgeek/auth0-operator/api/v1/register.go:22.50,37.2 3 0
github.com/seatgeek/auth0-operator/api/v1/zz_generated.deepcopy.go:28.49,34.2 5 0
github.com/seatgeek/auth0-operator/api/v1/zz_generated.deepcopy.go:37.42,38.15 1 0
github.com/seatgeek/auth0-operator/api/v1/zz_generated.deepcopy.go:38.15,40.3 1 0
github.com/seatgeek/auth0-operator/api/v1/zz_generated.deepcopy.go:41.2,43.12 3 0
github.com/seatgeek/auth0-operator/api/v1/zz_generated.deepcopy.go:47.53,48.34 1 0
github.com/seatgeek/auth0-operator/api/v1/zz_generated.deepcopy.go:48.34,50.3 1 0
github.com/seatgeek/auth0-operator/api/v1/zz_generated.deepcopy.go:51.2,51.12 1 0
github.com/seatgeek/auth0-operator/api/v1/zz_generated.deepcopy.go:55.59,61.2 5 0
github.com/seatgeek/auth0-operator/api/v1/zz_generated.deepcopy.go:64.52,65.15 1 0
github.com/seatgeek/auth0-operator/api/v1/zz_generated.deepcopy.go:65.15,67.3 1 0
github.com/seatgeek/auth0-operator/api/v1/zz_generated.deepcopy.go:68.2,70.12 3 0
github.com/seatgeek/auth0-operator/api/v1/zz_generated.deepcopy.go:74.58,75.34 1 0
github.com/seatgeek/auth0-operator/api/v1/zz_generated.deepcopy.go:75.34,77.3 1 0
github.com/seatgeek/auth0-operator/api/v1/zz_generated.deepcopy.go:78.2,78.12 1 0
github.com/seatgeek/auth0-operator/api/v1/zz_generated.deepcopy.go:82.67,86.21 4 0
github.com/seatgeek/auth0-operator/api/v1/zz_generated.deepcopy.go:86.21,89.22 3 0
github.com/seatgeek/auth0-operator/api/v1/zz_generated.deepcopy.go:89.22,91.4 1 0
github.com/seatgeek/auth0-operator/api/v1/zz_generated.deepcopy.go:96.60,97.15 1 0
github.com/seatgeek/auth0-operator/api/v1/zz_generated.deepcopy.go:97.15,99.3 1 0
github.com/seatgeek/auth0-operator/api/v1/zz_generated.deepcopy.go:100.2,102.12 3 0
github.com/seatgeek/auth0-operator/api/v1/zz_generated.deepcopy.go:106.62,107.34 1 0
github.com/seatgeek/auth0-operator/api/v1/zz_generated.deepcopy.go:107.34,109.3 1 0
github.com/seatgeek/auth0-operator/api/v1/zz_generated.deepcopy.go:110.2,110.12 1 0
github.com/seatgeek/auth0-operator/api/v1/zz_generated.deepcopy.go:114.67,116.22 2 0
github.com/seatgeek/auth0-operator/api/v1/zz_generated.deepcopy.go:116.22,120.3 3 0
github.com/seatgeek/auth0-operator/api/v1/zz_generated.deepcopy.go:121.2,121.25 1 0
github.com/seatgeek/auth0-operator/api/v1/zz_generated.deepcopy.go:121.25,125.3 3 0
github.com/seatgeek/auth0-operator/api/v1/zz_generated.deepcopy.go:126.2,126.20 1 0
github.com/seatgeek/auth0-operator/api/v1/zz_generated.deepcopy.go:126.20,130.3 3 0
github.com/seatgeek/auth0-operator/api/v1/zz_generated.deepcopy.go:131.2,131.20 1 0
github.com/seatgeek/auth0-operator/api/v1/zz_generated.deepcopy.go:131.20,135.3 3 0
github.com/seatgeek/auth0-operator/api/v1/zz_generated.deepcopy.go:139.60,140.15 1 0
github.com/seatgeek/auth0-operator/api/v1/zz_generated.deepcopy.go:140.15,142.3 1 0
github.com/seatgeek/auth0-operator/api/v1/zz_generated.deepcopy.go:143.2,145.12 3 0
github.com/seatgeek/auth0-operator/api/v1/zz_generated.deepcopy.go:149.71,151.18 2 0
github.com/seatgeek/auth0-operator/api/v1/zz_generated.deepcopy.go:151.18,155.3 3 0
github.com/seatgeek/auth0-operator/api/v1/zz_generated.deepcopy.go:156.2,156.24 1 0
github.com/seatgeek/auth0-operator/api/v1/zz_generated.deepcopy.go:156.24,160.3 3 0
github.com/seatgeek/auth0-operator/api/v1/zz_generated.deepcopy.go:164.64,165.15 1 0
github.com/seatgeek/auth0-operator/api/v1/zz_generated.deepcopy.go:165.15,167.3 1 0
github.com/seatgeek/auth0-operator/api/v1/zz_generated.deepcopy.go:168.2,170.12 3 0
github.com/seatgeek/auth0-operator/api/v1/zz_generated.deepcopy.go:174.57,178.21 4 0
github.com/seatgeek/auth0-operator/api/v1/zz_generated.deepcopy.go:178.21,181.22 3 0
github.com/seatgeek/auth0-operator/api/v1/zz_generated.deepcopy.go:181.22,183.4 1 0
github.com/seatgeek/auth0-operator/api/v1/zz_generated.deepcopy.go:188.50,189.15 1 0
github.com/seatgeek/auth0-operator/api/v1/zz_generated.deepcopy.go:189.15,191.3 1 0
github.com/seatgeek/auth0-operator/api/v1/zz_generated.deepcopy.go:192.2,194.12 3 0
github.com/seatgeek/auth0-operator/api/v1/zz_generated.deepcopy.go:198.57,199.34 1 0
github.com/seatgeek/auth0-operator/api/v1/zz_generated.deepcopy.go:199.34,201.3 1 0
github.com/seatgeek/auth0-operator/api/v1/zz_generated.deepcopy.go:202.2,202.12 1 0
github.com/seatgeek/auth0-operator/api/v1/zz_generated.deepcopy.go:206.57,208.22 2 0
github.com/seatgeek/auth0-operator/api/v1/zz_generated.deepcopy.go:208.22,212.3 3 0
github.com/seatgeek/auth0-operator/api/v1/zz_generated.deepcopy.go:213.2,213.25 1 0
github.com/seatgeek/auth0-operator/api/v1/zz_generated.deepcopy.go:213.25,217.3 3 0
github.com/seatgeek/auth0-operator/api/v1/zz_generated.deepcopy.go:218.2,218.25 1 0
github.com/seatgeek/auth0-operator/api/v1/zz_generated.deepcopy.go:218.25,222.3 3 0
github.com/seatgeek/auth0-operator/api/v1/zz_generated.deepcopy.go:223.2,223.20 1 0
github.com/seatgeek/auth0-operator/api/v1/zz_generated.deepcopy.go:223.20,227.3 3 0
github.com/seatgeek/auth0-operator/api/v1/zz_generated.deepcopy.go:228.2,228.20 1 0
github.com/seatgeek/auth0-operator/api/v1/zz_generated.deepcopy.go:228.20,232.3 3 0
github.com/seatgeek/auth0-operator/api/v1/zz_generated.deepcopy.go:233.2,233.20 1 0
github.com/seatgeek/auth0-operator/api/v1/zz_generated.deepcopy.go:233.20,237.3 3 0
github.com/seatgeek/auth0-operator/api/v1/zz_generated.deepcopy.go:241.50,242.15 1 0
github.com/seatgeek/auth0-operator/api/v1/zz_generated.deepcopy.go:242.15,244.3 1 0
github.com/seatgeek/auth0-operator/api/v1/zz_generated.deepcopy.go:245.2,247.12 3 0
github.com/seatgeek/auth0-operator/api/v1/zz_generated.deepcopy.go:251.61,253.18 2 0
github.com/seatgeek/auth0-operator/api/v1/zz_generated.deepcopy.go:253.18,257.3 3 0
github.com/seatgeek/auth0-operator/api/v1/zz_generated.deepcopy.go:258.2,258.24 1 0
github.com/seatgeek/auth0-operator/api/v1/zz_generated.deepcopy.go:258.24,262.3 3 0
github.com/seatgeek/auth0-operator/api/v1/zz_generated.deepcopy.go:266.54,267.15 1 0
github.com/seatgeek/auth0-operator/api/v1/zz_generated.deepcopy.go:267.15,269.3 1 0
github.com/seatgeek/auth0-operator/api/v1/zz_generated.deepcopy.go:270.2,272.12 3 0
github.com/seatgeek/auth0-operator/api/v1/zz_generated.deepcopy.go:276.57,282.2 5 0
github.com/seatgeek/auth0-operator/api/v1/zz_generated.deepcopy.go:285.50,286.15 1 0
github.com/seatgeek/auth0-operator/api/v1/zz_generated.deepcopy.go:286.15,288.3 1 0
github.com/seatgeek/auth0-operator/api/v1/zz_generated.deepcopy.go:289.2,291.12 3 0
github.com/seatgeek/auth0-operator/api/v1/zz_generated.deepcopy.go:295.57,296.34 1 0
github.com/seatgeek/auth0-operator/api/v1/zz_generated.deepcopy.go:296.34,298.3 1 0
github.com/seatgeek/auth0-operator/api/v1/zz_generated.deepcopy.go:299.2,299.12 1 0
github.com/seatgeek/auth0-operator/api/v1/zz_generated.deepcopy.go:303.65,307.21 4 0
github.com/seatgeek/auth0-operator/api/v1/zz_generated.deepcopy.go:307.21,310.22 3 0
github.com/seatgeek/auth0-operator/api/v1/zz_generated.deepcopy.go:310.22,312.4 1 0
github.com/seatgeek/auth0-operator/api/v1/zz_generated.deepcopy.go:317.58,318.15 1 0
github.com/seatgeek/auth0-operator/api/v1/zz_generated.deepcopy.go:318.15,320.3 1 0
github.com/seatgeek/auth0-operator/api/v1/zz_generated.deepcopy.go:321.2,323.12 3 0
github.com/seatgeek/auth0-operator/api/v1/zz_generated.deepcopy.go:327.61,328.34 1 0
github.com/seatgeek/auth0-operator/api/v1/zz_generated.deepcopy.go:328.34,330.3 1 0
github.com/seatgeek/auth0-operator/api/v1/zz_generated.deepcopy.go:331.2,331.12 1 0
github.com/seatgeek/auth0-operator/api/v1/zz_generated.deepcopy.go:335.65,337.22 2 0
github.com/seatgeek/auth0-operator/api/v1/zz_generated.deepcopy.go:337.22,341.3 3 0
github.com/seatgeek/auth0-operator/api/v1/zz_generated.deepcopy.go:342.2,342.25 1 0
github.com/seatgeek/auth0-operator/api/v1/zz_generated.deepcopy.go:342.25,346.3 3 0
github.com/seatgeek/auth0-operator/api/v1/zz_generated.deepcopy.go:347.2,347.20 1 0
github.com/seatgeek/auth0-operator/api/v1/zz_generated.deepcopy.go:347.20,351.3 3 0
github.com/seatgeek/auth0-operator/api/v1/zz_generated.deepcopy.go:352.2,352.20 1 0
github.com/seatgeek/auth0-operator/api/v1/zz_generated.deepcopy.go:352.20,356.3 3 0
github.com/seatgeek/auth0-operator/api/v1/zz_generated.deepcopy.go:357.2,357.20 1 0
github.com/seatgeek/auth0-operator/api/v1/zz_generated.deepcopy.go:357.20,361.3 3 0
github.com/seatgeek/auth0-operator/api/v1/zz_generated.deepcopy.go:365.58,366.15 1 0
github.com/seatgeek/auth0-operator/api/v1/zz_generated.deepcopy.go:366.15,368.3 1 0
github.com/seatgeek/auth0-operator/api/v1/zz_generated.deepcopy.go:369.2,371.12 3 0
github.com/seatgeek/auth0-operator/api/v1/zz_generated.deepcopy.go:375.69,377.18 2 0
github.com/seatgeek/auth0-operator/api/v1/zz_generated.deepcopy.go:377.18,381.3 3 0
github.com/seatgeek/auth0-operator/api/v1/zz_generated.deepcopy.go:382.2,382.24 1 0
github.com/seatgeek/auth0-operator/api/v1/zz_generated.deepcopy.go:382.24,386.3 3 0
github.com/seatgeek/auth0-operator/api/v1/zz_generated.deepcopy.go:390.62,391.15 1 0
github.com/seatgeek/auth0-operator/api/v1/zz_generated.deepcopy.go:391.15,393.3 1 0
github.com/seatgeek/auth0-operator/api/v1/zz_generated.deepcopy.go:394.2,396.12 3 0
github.com/seatgeek/auth0-operator/api/v1/zz_generated.deepcopy.go:400.65,406.2 5 0
github.com/seatgeek/auth0-operator/api/v1/zz_generated.deepcopy.go:409.58,410.15 1 0
github.com/seatgeek/auth0-operator/api/v1/zz_generated.deepcopy.go:410.15,412.3 1 0
github.com/seatgeek/auth0-operator/api/v1/zz_generated.deepcopy.go:413.2,415.12 3 0
github.com/seatgeek/auth0-operator/api/v1/zz_generated.deepcopy.go:419.61,420.34 1 0
github.com/seatgeek/auth0-operator/api/v1/zz_generated.deepcopy.go:420.34,422.3 1 0
github.com/seatgeek/auth0-operator/api/v1/zz_generated.deepcopy.go:423.2,423.12 1 0
github.com/seatgeek/auth0-operator/api/v1/zz_generated.deepcopy.go:427.73,431.21 4 0
github.com/seatgeek/auth0-operator/api/v1/zz_generated.deepcopy.go:431.21,434.22 3 0
github.com/seatgeek/auth0-operator/api/v1/zz_generated.deepcopy.go:434.22,436.4 1 0
github.com/seatgeek/auth0-operator/api/v1/zz_generated.deepcopy.go:441.66,442.15 1 0
github.com/seatgeek/auth0-operator/api/v1/zz_generated.deepcopy.go:442.15,444.3 1 0
github.com/seatgeek/auth0-operator/api/v1/zz_generated.deepcopy.go:445.2,447.12 3 0
github.com/seatgeek/auth0-operator/api/v1/zz_generated.deepcopy.go:451.65,452.34 1 0
github.com/seatgeek/auth0-operator/api/v1/zz_generated.deepcopy.go:452.34,454.3 1 0
github.com/seatgeek/auth0-operator/api/v1/zz_generated.deepcopy.go:455.2,455.12 1 0
github.com/seatgeek/auth0-operator/api/v1/zz_generated.deepcopy.go:459.73,461.22 2 0
github.com/seatgeek/auth0-operator/api/v1/zz_generated.deepcopy.go:461.22,465.3 3 0
github.com/seatgeek/auth0-operator/api/v1/zz_generated.deepcopy.go:466.2,466.25 1 0
github.com/seatgeek/auth0-operator/api/v1/zz_generated.deepcopy.go:466.25,470.3 3 0
github.com/seatgeek/auth0-operator/api/v1/zz_generated.deepcopy.go:471.2,471.20 1 0
github.com/seatgeek/auth0-operator/api/v1/zz_generated.deepcopy.go:471.20,475.3 3 0
github.com/seatgeek/auth0-operator/api/v1/zz_generated.deepcopy.go:476.2,476.20 1 0
github.com/seatgeek/auth0-operator/api/v1/zz_generated.deepcopy.go:476.20,480.3 3 0
github.com/seatgeek/auth0-operator/api/v1/zz_generated.deepcopy.go:484.66,485.15 1 0
github.com/seatgeek/auth0-operator/api/v1/zz_generated.deepcopy.go:485.15,487.3 1 0
github.com/seatgeek/auth0-operator/api/v1/zz_generated.deepcopy.go:488.2,490.12 3 0
github.com/seatgeek/auth0-operator/api/v1/zz_generated.deepcopy.go:494.77,496.18 2 0
github.com/seatgeek/auth0-operator/api/v1/zz_generated.deepcopy.go:496.18,500.3 3 0
github.com/seatgeek/auth0-operator/api/v1/zz_generated.deepcopy.go:501.2,501.26 1 0
github.com/seatgeek/auth0-operator/api/v1/zz_generated.deepcopy.go:501.26,505.3 3 0
github.com/seatgeek/auth0-operator/api/v1/zz_generated.deepcopy.go:506.2,506.24 1 0
github.com/seatgeek/auth0-operator/api/v1/zz_generated.deepcopy.go:506.24,510.3 3 0
github.com/seatgeek/auth0-operator/api/v1/zz_generated.deepcopy.go:514.70,515.15 1 0
github.com/seatgeek/auth0-operator/api/v1/zz_generated.deepcopy.go:515.15,517.3 1 0
github.com/seatgeek/auth0-operator/api/v1/zz_generated.deepcopy.go:518.2,520.12 3 0
github.com/seatgeek/auth0-operator/api/v1/zz_generated.deepcopy.go:524.49,530.2 5 0
github.com/seatgeek/auth0-operator/api/v1/zz_generated.deepcopy.go:533.42,534.15 1 0
github.com/seatgeek/auth0-operator/api/v1/zz_generated.deepcopy.go:534.15,536.3 1 0
github.com/seatgeek/auth0-operator/api/v1/zz_generated.deepcopy.go:537.2,539.12 3 0
github.com/seatgeek/auth0-operator/api/v1/zz_generated.deepcopy.go:543.53,544.34 1 0
github.com/seatgeek/auth0-operator/api/v1/zz_generated.deepcopy.go:544.34,546.3 1 0
github.com/seatgeek/auth0-operator/api/v1/zz_generated.deepcopy.go:547.2,547.12 1 0
github.com/seatgeek/auth0-operator/api/v1/zz_generated.deepcopy.go:551.57,555.21 4 0
github.com/seatgeek/auth0-operator/api/v1/zz_generated.deepcopy.go:555.21,558.22 3 0
github.com/seatgeek/auth0-operator/api/v1/zz_generated.deepcopy.go:558.22,560.4 1 0
github.com/seatgeek/auth0-operator/api/v1/zz_generated.deepcopy.go:565.50,566.15 1 0
github.com/seatgeek/auth0-operator/api/v1/zz_generated.deepcopy.go:566.15,568.3 1 0
github.com/seatgeek/auth0-operator/api/v1/zz_generated.deepcopy.go:569.2,571.12 3 0
github.com/seatgeek/auth0-operator/api/v1/zz_generated.deepcopy.go:575.57,576.34 1 0
github.com/seatgeek/auth0-operator/api/v1/zz_generated.deepcopy.go:576.34,578.3 1 0
github.com/seatgeek/auth0-operator/api/v1/zz_generated.deepcopy.go:579.2,579.12 1 0
github.com/seatgeek/auth0-operator/api/v1/zz_generated.deepcopy.go:583.57,585.22 2 0
github.com/seatgeek/auth0-operator/api/v1/zz_generated.deepcopy.go:585.22,589.3 3 0
github.com/seatgeek/auth0-operator/api/v1/zz_generated.deepcopy.go:590.2,590.20 1 0
github.com/seatgeek/auth0-operator/api/v1/zz_generated.deepcopy.go:590.20,594.3 3 0
github.com/seatgeek/auth0-operator/api/v1/zz_generated.deepcopy.go:595.2,595.20 1 0
github.com/seatgeek/auth0-operator/api/v1/zz_generated.deepcopy.go:595.20,599.3 3 0
github.com/seatgeek/auth0-operator/api/v1/zz_generated.deepcopy.go:600.2,600.20 1 0
github.com/seatgeek/auth0-operator/api/v1/zz_generated.deepcopy.go:600.20,604.3 3 0
github.com/seatgeek/auth0-operator/api/v1/zz_generated.deepcopy.go:608.50,609.15 1 0
github.com/seatgeek/auth0-operator/api/v1/zz_generated.deepcopy.go:609.15,611.3 1 0
github.com/seatgeek/auth0-operator/api/v1/zz_generated.deepcopy.go:612.2,614.12 3 0
github.com/seatgeek/auth0-operator/api/v1/zz_generated.deepcopy.go:618.61,620.24 2 0
github.com/seatgeek/auth0-operator/api/v1/zz_generated.deepcopy.go:620.24,624.3 3 0
github.com/seatgeek/auth0-operator/api/v1/zz_generated.deepcopy.go:628.54,629.15 1 0
github.com/seatgeek/auth0-operator/api/v1/zz_generated.deepcopy.go:629.15,631.3 1 0
github.com/seatgeek/auth0-operator/api/v1/zz_generated.deepcopy.go:632.2,634.12 3 0
github.com/seatgeek/auth0-operator/api/v1/zz_generated.deepcopy.go:638.87,640.20 2 0
github.com/seatgeek/auth0-operator/api/v1/zz_generated.deepcopy.go:640.20,644.3 3 0
github.com/seatgeek/auth0-operator/api/v1/zz_generated.deepcopy.go:645.2,645.34 1 0
github.com/seatgeek/auth0-operator/api/v1/zz_generated.deepcopy.go:645.34,649.3 3 0
github.com/seatgeek/auth0-operator/api/v1/zz_generated.deepcopy.go:653.80,654.15 1 0
github.com/seatgeek/auth0-operator/api/v1/zz_generated.deepcopy.go:654.15,656.3 1 0
github.com/seatgeek/auth0-operator/api/v1/zz_generated.deepcopy.go:657.2,659.12 3 0
github.com/seatgeek/auth0-operator/api/v1/zz_generated.deepcopy.go:663.87,665.29 2 0
github.com/seatgeek/auth0-operator/api/v1/zz_generated.deepcopy.go:665.29,669.3 3 0
github.com/seatgeek/auth0-operator/api/v1/zz_generated.deepcopy.go:670.2,670.29 1 0
github.com/seatgeek/auth0-operator/api/v1/zz_generated.deepcopy.go:670.29,674.3 3 0
github.com/seatgeek/auth0-operator/api/v1/zz_generated.deepcopy.go:675.2,675.39 1 0
github.com/seatgeek/auth0-operator/api/v1/zz_generated.deepcopy.go:675.39,679.3 3 0
github.com/seatgeek/auth0-operator/api/v1/zz_generated.deepcopy.go:683.80,684.15 1 0
github.com/seatgeek/auth0-operator/api/v1/zz_generated.deepcopy.go:684.15,686.3 1 0
github.com/seatgeek/auth0-operator/api/v1/zz_generated.deepcopy.go:687.2,689.12 3 0
github.com/seatgeek/auth0-operator/api/v1/zz_generated.deepcopy.go:693.53,695.27 2 0
github.com/seatgeek/auth0-operator/api/v1/zz_generated.deepcopy.go:695.27,698.22 3 0
github.com/seatgeek/auth0-operator/api/v1/zz_generated.deepcopy.go:698.22,700.4 1 0
github.com/seatgeek/auth0-operator/api/v1/zz_generated.deepcopy.go:702.2,702.31 1 0
github.com/seatgeek/auth0-operator/api/v1/zz_generated.deepcopy.go:702.31,706.3 3 0
github.com/seatgeek/auth0-operator/api/v1/zz_generated.deepcopy.go:707.2,707.39 1 0
github.com/seatgeek/auth0-operator/api/v1/zz_generated.deepcopy.go:707.39,711.3 3 0
github.com/seatgeek/auth0-operator/api/v1/zz_generated.deepcopy.go:712.2,712.43 1 0
github.com/seatgeek/auth0-operator/api/v1/zz_generated.deepcopy.go:712.43,716.3 3 0
github.com/seatgeek/auth0-operator/api/v1/zz_generated.deepcopy.go:717.2,717.35 1 0
github.com/seatgeek/auth0-operator/api/v1/zz_generated.deepcopy.go:717.35,721.3 3 0
github.com/seatgeek/auth0-operator/api/v1/zz_generated.deepcopy.go:722.2,722.22 1 0
github.com/seatgeek/auth0-operator/api/v1/zz_generated.deepcopy.go:722.22,726.3 3 0
github.com/seatgeek/auth0-operator/api/v1/zz_generated.deepcopy.go:727.2,727.30 1 0
github.com/seatgeek/auth0-operator/api/v1/zz_generated.deepcopy.go:727.30,731.3 3 0
github.com/seatgeek/auth0-operator/api/v1/zz_generated.deepcopy.go:732.2,732.33 1 0
github.com/seatgeek/auth0-operator/api/v1/zz_generated.deepcopy.go:732.33,736.3 3 0
github.com/seatgeek/auth0-operator/api/v1/zz_generated.deepcopy.go:737.2,737.30 1 0
github.com/seatgeek/auth0-operator/api/v1/zz_generated.deepcopy.go:737.30,741.3 3 0
github.com/seatgeek/auth0-operator/api/v1/zz_generated.deepcopy.go:742.2,742.26 1 0
github.com/seatgeek/auth0-operator/api/v1/zz_generated.deepcopy.go:742.26,746.3 3 0
github.com/seatgeek/auth0-operator/api/v1/zz_generated.deepcopy.go:747.2,747.32 1 0
github.com/seatgeek/auth0-operator/api/v1/zz_generated.deepcopy.go:747.32,751.3 3 0
github.com/seatgeek/auth0-operator/api/v1/zz_generated.deepcopy.go:752.2,752.25 1 0
github.com/seatgeek/auth0-operator/api/v1/zz_generated.deepcopy.go:752.25,756.3 3 0
github.com/seatgeek/auth0-operator/api/v1/zz_generated.deepcopy.go:757.2,757.29 1 0
github.com/seatgeek/auth0-operator/api/v1/zz_generated.deepcopy.go:757.29,761.3 3 0
github.com/seatgeek/auth0-operator/api/v1/zz_generated.deepcopy.go:762.2,762.30 1 0
github.com/seatgeek/auth0-operator/api/v1/zz_generated.deepcopy.go:762.30,766.3 3 0
github.com/seatgeek/auth0-operator/api/v1/zz_generated.deepcopy.go:767.2,767.35 1 0
github.com/seatgeek/auth0-operator/api/v1/zz_generated.deepcopy.go:767.35,771.3 3 0
github.com/seatgeek/auth0-operator/api/v1/zz_generated.deepcopy.go:772.2,772.28 1 0
github.com/seatgeek/auth0-operator/api/v1/zz_generated.deepcopy.go:772.28,776.3 3 0
github.com/seatgeek/auth0-operator/api/v1/zz_generated.deepcopy.go:777.2,777.31 1 0
github.com/seatgeek/auth0-operator/api/v1/zz_generated.deepcopy.go:777.31,781.3 3 0
github.com/seatgeek/auth0-operator/api/v1/zz_generated.deepcopy.go:782.2,782.38 1 0
github.com/seatgeek/auth0-operator/api/v1/zz_generated.deepcopy.go:782.38,786.3 3 0
github.com/seatgeek/auth0-operator/api/v1/zz_generated.deepcopy.go:787.2,787.29 1 0
github.com/seatgeek/auth0-operator/api/v1/zz_generated.deepcopy.go:787.29,791.3 3 0
github.com/seatgeek/auth0-operator/api/v1/zz_generated.deepcopy.go:792.2,792.28 1 0
github.com/seatgeek/auth0-operator/api/v1/zz_generated.deepcopy.go:792.28,796.3 3 0
github.com/seatgeek/auth0-operator/api/v1/zz_generated.deepcopy.go:797.2,797.26 1 0
github.com/seatgeek/auth0-operator/api/v1/zz_generated.deepcopy.go:797.26,801.3 3 0
github.com/seatgeek/auth0-operator/api/v1/zz_generated.deepcopy.go:802.2,802.32 1 0
github.com/seatgeek/auth0-operator/api/v1/zz_generated.deepcopy.go:802.32,806.3 3 0
github.com/seatgeek/auth0-operator/api/v1/zz_generated.deepcopy.go:807.2,807.22 1 0
github.com/seatgeek/auth0-operator/api/v1/zz_generated.deepcopy.go:807.22,811.3 3 0
github.com/seatgeek/auth0-operator/api/v1/zz_generated.deepcopy.go:812.2,812.20 1 0
github.com/seatgeek/auth0-operator/api/v1/zz_generated.deepcopy.go:812.20,816.3 3 0
github.com/seatgeek/auth0-operator/api/v1/zz_generated.deepcopy.go:817.2,817.27 1 0
github.com/seatgeek/auth0-operator/api/v1/zz_generated.deepcopy.go:817.27,821.3 3 0
github.com/seatgeek/auth0-operator/api/v1/zz_generated.deepcopy.go:822.2,822.23 1 0
github.com/seatgeek/auth0-operator/api/v1/zz_generated.deepcopy.go:822.23,826.3 3 0
github.com/seatgeek/auth0-operator/api/v1/zz_generated.deepcopy.go:827.2,827.30 1 0
github.com/seatgeek/auth0-operator/api/v1/zz_generated.deepcopy.go:827.30,831.3 3 0
github.com/seatgeek/auth0-operator/api/v1/zz_generated.deepcopy.go:832.2,832.26 1 0
github.com/seatgeek/auth0-operator/api/v1/zz_generated.deepcopy.go:832.26,836.3 3 0
github.com/seatgeek/auth0-operator/api/v1/zz_generated.deepcopy.go:837.2,837.31 1 0
github.com/seatgeek/auth0-operator/api/v1/zz_generated.deepcopy.go:837.31,840.22 3 0
github.com/seatgeek/auth0-operator/api/v1/zz_generated.deepcopy.go:840.22,842.4 1 0
github.com/seatgeek/auth0-operator/api/v1/zz_generated.deepcopy.go:844.2,844.19 1 0
github.com/seatgeek/auth0-operator/api/v1/zz_generated.deepcopy.go:844.19,848.3 3 0
github.com/seatgeek/auth0-operator/api/v1/zz_generated.deepcopy.go:849.2,849.28 1 0
github.com/seatgeek/auth0-operator/api/v1/zz_generated.deepcopy.go:849.28,853.3 3 0
github.com/seatgeek/auth0-operator/api/v1/zz_generated.deepcopy.go:854.2,854.33 1 0
github.com/seatgeek/auth0-operator/api/v1/zz_generated.deepcopy.go:854.33,858.3 3 0
github.com/seatgeek/auth0-operator/api/v1/zz_generated.deepcopy.go:859.2,859.43 1 0
github.com/seatgeek/auth0-operator/api/v1/zz_generated.deepcopy.go:859.43,863.3 3 0
github.com/seatgeek/auth0-operator/api/v1/zz_generated.deepcopy.go:864.2,864.41 1 0
github.com/seatgeek/auth0-operator/api/v1/zz_generated.deepcopy.go:864.41,868.3 3 0
github.com/seatgeek/auth0-operator/api/v1/zz_generated.deepcopy.go:869.2,869.50 1 0
github.com/seatgeek/auth0-operator/api/v1/zz_generated.deepcopy.go:869.50,873.3 3 0
github.com/seatgeek/auth0-operator/api/v1/zz_generated.deepcopy.go:874.2,874.35 1 0
github.com/seatgeek/auth0-operator/api/v1/zz_generated.deepcopy.go:874.35,878.3 3 0
github.com/seatgeek/auth0-operator/api/v1/zz_generated.deepcopy.go:879.2,879.31 1 0
github.com/seatgeek/auth0-operator/api/v1/zz_generated.deepcopy.go:879.31,883.3 3 0
github.com/seatgeek/auth0-operator/api/v1/zz_generated.deepcopy.go:884.2,884.40 1 0
github.com/seatgeek/auth0-operator/api/v1/zz_generated.deepcopy.go:884.40,888.3 3 0
github.com/seatgeek/auth0-operator/api/v1/zz_generated.deepcopy.go:889.2,889.34 1 0
github.com/seatgeek/auth0-operator/api/v1/zz_generated.deepcopy.go:889.34,892.22 3 0
github.com/seatgeek/auth0-operator/api/v1/zz_generated.deepcopy.go:892.22,894.4 1 0
github.com/seatgeek/auth0-operator/api/v1/zz_generated.deepcopy.go:899.46,900.15 1 0
github.com/seatgeek/auth0-operator/api/v1/zz_generated.deepcopy.go:900.15,902.3 1 0
github.com/seatgeek/auth0-operator/api/v1/zz_generated.deepcopy.go:903.2,905.12 3 0
github.com/seatgeek/auth0-operator/api/v1/zz_generated.deepcopy.go:909.53,911.24 2 0
github.com/seatgeek/auth0-operator/api/v1/zz_generated.deepcopy.go:911.24,915.3 3 0
github.com/seatgeek/auth0-operator/api/v1/zz_generated.deepcopy.go:916.2,916.28 1 0
github.com/seatgeek/auth0-operator/api/v1/zz_generated.deepcopy.go:916.28,920.3 3 0
github.com/seatgeek/auth0-operator/api/v1/zz_generated.deepcopy.go:921.2,921.36 1 0
github.com/seatgeek/auth0-operator/api/v1/zz_generated.deepcopy.go:921.36,925.3 3 0
github.com/seatgeek/auth0-operator/api/v1/zz_generated.deepcopy.go:929.46,930.15 1 0
github.com/seatgeek/auth0-operator/api/v1/zz_generated.deepcopy.go:930.15,932.3 1 0
github.com/seatgeek/auth0-operator/api/v1/zz_generated.deepcopy.go:933.2,935.12 3 0
github.com/seatgeek/auth0-operator/api/v1/zz_generated.deepcopy.go:939.63,941.25 2 0
github.com/seatgeek/auth0-operator/api/v1/zz_generated.deepcopy.go:941.25,945.3 3 0
github.com/seatgeek/auth0-operator/api/v1/zz_generated.deepcopy.go:946.2,946.24 1 0
github.com/seatgeek/auth0-operator/api/v1/zz_generated.deepcopy.go:946.24,950.3 3 0
github.com/seatgeek/auth0-operator/api/v1/zz_generated.deepcopy.go:951.2,951.21 1 0
github.com/seatgeek/auth0-operator/api/v1/zz_generated.deepcopy.go:951.21,955.3 3 0
github.com/seatgeek/auth0-operator/api/v1/zz_generated.deepcopy.go:959.56,960.15 1 0
github.com/seatgeek/auth0-operator/api/v1/zz_generated.deepcopy.go:960.15,962.3 1 0
github.com/seatgeek/auth0-operator/api/v1/zz_generated.deepcopy.go:963.2,965.12 3 0
github.com/seatgeek/auth0-operator/api/v1/zz_generated.deepcopy.go:969.95,971.26 2 0
github.com/seatgeek/auth0-operator/api/v1/zz_generated.deepcopy.go:971.26,975.3 3 0
github.com/seatgeek/auth0-operator/api/v1/zz_generated.deepcopy.go:976.2,976.22 1 0
github.com/seatgeek/auth0-operator/api/v1/zz_generated.deepcopy.go:976.22,980.3 3 0
github.com/seatgeek/auth0-operator/api/v1/zz_generated.deepcopy.go:984.88,985.15 1 0
github.com/seatgeek/auth0-operator/api/v1/zz_generated.deepcopy.go:985.15,987.3 1 0
github.com/seatgeek/auth0-operator/api/v1/zz_generated.deepcopy.go:988.2,990.12 3 0
github.com/seatgeek/auth0-operator/api/v1/zz_generated.deepcopy.go:994.61,996.20 2 0
github.com/seatgeek/auth0-operator/api/v1/zz_generated.deepcopy.go:996.20,1000.3 3 0
github.com/seatgeek/auth0-operator/api/v1/zz_generated.deepcopy.go:1001.2,1001.27 1 0
github.com/seatgeek/auth0-operator/api/v1/zz_generated.deepcopy.go:1001.27,1005.3 3 0
github.com/seatgeek/auth0-operator/api/v1/zz_generated.deepcopy.go:1006.2,1006.24 1 0
github.com/seatgeek/auth0-operator/api/v1/zz_generated.deepcopy.go:1006.24,1010.3 3 0
github.com/seatgeek/auth0-operator/api/v1/zz_generated.deepcopy.go:1011.2,1011.23 1 0
github.com/seatgeek/auth0-operator/api/v1/zz_generated.deepcopy.go:1011.23,1015.3 3 0
github.com/seatgeek/auth0-operator/api/v1/zz_generated.deepcopy.go:1016.2,1016.37 1 0
github.com/seatgeek/auth0-operator/api/v1/zz_generated.deepcopy.go:1016.37,1020.3 3 0
github.com/seatgeek/auth0-operator/api/v1/zz_generated.deepcopy.go:1021.2,1021.24 1 0
github.com/seatgeek/auth0-operator/api/v1/zz_generated.deepcopy.go:1021.24,1025.3 3 0
github.com/seatgeek/auth0-operator/api/v1/zz_generated.deepcopy.go:1026.2,1026.22 1 0
github.com/seatgeek/auth0-operator/api/v1/zz_generated.deepcopy.go:1026.22,1030.3 3 0
github.com/seatgeek/auth0-operator/api/v1/zz_generated.deepcopy.go:1031.2,1031.28 1 0
github.com/seatgeek/auth0-operator/api/v1/zz_generated.deepcopy.go:1031.28,1035.3 3 0
github.com/seatgeek/auth0-operator/api/v1/zz_generated.deepcopy.go:1036.2,1036.34 1 0
github.com/seatgeek/auth0-operator/api/v1/zz_generated.deepcopy.go:1036.34,1040.3 3 0
github.com/seatgeek/auth0-operator/api/v1/zz_generated.deepcopy.go:1044.54,1045.15 1 0
github.com/seatgeek/auth0-operator/api/v1/zz_generated.deepcopy.go:1045.15,1047.3 1 0
github.com/seatgeek/auth0-operator/api/v1/zz_generated.deepcopy.go:1048.2,1050.12 3 0
github.com/seatgeek/auth0-operator/api/v1/zz_generated.deepcopy.go:1054.61,1056.28 2 0
github.com/seatgeek/auth0-operator/api/v1/zz_generated.deepcopy.go:1056.28,1060.3 3 0
github.com/seatgeek/auth0-operator/api/v1/zz_generated.deepcopy.go:1064.54,1065.15 1 0
github.com/seatgeek/auth0-operator/api/v1/zz_generated.deepcopy.go:1065.15,1067.3 1 0
github.com/seatgeek/auth0-operator/api/v1/zz_generated.deepcopy.go:1068.2,1070.12 3 0
github.com/seatgeek/auth0-operator/api/v1/zz_generated.deepcopy.go:1074.63,1076.18 2 0
github.com/seatgeek/auth0-operator/api/v1/zz_generated.deepcopy.go:1076.18,1080.3 3 0
github.com/seatgeek/auth0-operator/api/v1/zz_generated.deepcopy.go:1084.56,1085.15 1 0
github.com/seatgeek/auth0-operator/api/v1/zz_generated.deepcopy.go:1085.15,1087.3 1 0
github.com/seatgeek/auth0-operator/api/v1/zz_generated.deepcopy.go:1088.2,1090.12 3 0
github.com/seatgeek/auth0-operator/api/v1/zz_generated.deepcopy.go:1094.71,1096.30 2 0
github.com/seatgeek/auth0-operator/api/v1/zz_generated.deepcopy.go:1096.30,1100.3 3 0
github.com/seatgeek/auth0-operator/api/v1/zz_generated.deepcopy.go:1101.2,1101.21 1 0
github.com/seatgeek/auth0-operator/api/v1/zz_generated.deepcopy.go:1101.21,1105.3 3 0
github.com/seatgeek/auth0-operator/api/v1/zz_generated.deepcopy.go:1109.64,1110.15 1 0
github.com/seatgeek/auth0-operator/api/v1/zz_generated.deepcopy.go:1110.15,1112.3 1 0
github.com/seatgeek/auth0-operator/api/v1/zz_generated.deepcopy.go:1113.2,1115.12 3 0
github.com/seatgeek/auth0-operator/api/v1/zz_generated.deepcopy.go:1119.59,1121.27 2 0
github.com/seatgeek/auth0-operator/api/v1/zz_generated.deepcopy.go:1121.27,1125.3 3 0
github.com/seatgeek/auth0-operator/api/v1/zz_generated.deepcopy.go:1126.2,1126.25 1 0
github.com/seatgeek/auth0-operator/api/v1/zz_generated.deepcopy.go:1126.25,1130.3 3 0
github.com/seatgeek/auth0-operator/api/v1/zz_generated.deepcopy.go:1131.2,1131.23 1 0
github.com/seatgeek/auth0-operator/api/v1/zz_generated.deepcopy.go:1131.23,1135.3 3 0
github.com/seatgeek/auth0-operator/api/v1/zz_generated.deepcopy.go:1139.52,1140.15 1 0
github.com/seatgeek/auth0-operator/api/v1/zz_generated.deepcopy.go:1140.15,1142.3 1 0
github.com/seatgeek/auth0-operator/api/v1/zz_generated.deepcopy.go:1143.2,1145.12 3 0
github.com/seatgeek/auth0-operator/api/v1/zz_generated.deepcopy.go:1149.65,1151.31 2 0
github.com/seatgeek/auth0-operator/api/v1/zz_generated.deepcopy.go:1151.31,1155.3 3 0
github.com/seatgeek/auth0-operator/api/v1/zz_generated.deepcopy.go:1156.2,1156.33 1 0
github.com/seatgeek/auth0-operator/api/v1/zz_generated.deepcopy.go:1156.33,1160.3 3 0
github.com/seatgeek/auth0-operator/api/v1/zz_generated.deepcopy.go:1161.2,1161.22 1 0
github.com/seatgeek/auth0-operator/api/v1/zz_generated.deepcopy.go:1161.22,1165.3 3 0
github.com/seatgeek/auth0-operator/api/v1/zz_generated.deepcopy.go:1166.2,1166.32 1 0
github.com/seatgeek/auth0-operator/api/v1/zz_generated.deepcopy.go:1166.32,1170.3 3 0
github.com/seatgeek/auth0-operator/api/v1/zz_generated.deepcopy.go:1174.58,1175.15 1 0
github.com/seatgeek/auth0-operator/api/v1/zz_generated.deepcopy.go:1175.15,1177.3 1 0
github.com/seatgeek/auth0-operator/api/v1/zz_generated.deepcopy.go:1178.2,1180.12 3 0
github.com/seatgeek/auth0-operator/api/v1/zz_generated.deepcopy.go:1184.45,1186.23 2 0
github.com/seatgeek/auth0-operator/api/v1/zz_generated.deepcopy.go:1186.23,1190.3 3 0
github.com/seatgeek/auth0-operator/api/v1/zz_generated.deepcopy.go:1191.2,1191.19 1 0
github.com/seatgeek/auth0-operator/api/v1/zz_generated.deepcopy.go:1191.19,1195.3 3 0
github.com/seatgeek/auth0-operator/api/v1/zz_generated.deepcopy.go:1199.38,1200.15 1 0
github.com/seatgeek/auth0-operator/api/v1/zz_generated.deepcopy.go:1200.15,1202.3 1 0
github.com/seatgeek/auth0-operator/api/v1/zz_generated.deepcopy.go:1203.2,1205.12 3 0
github.com/seatgeek/auth0-operator/api/v1/zz_generated.deepcopy.go:1209.59,1211.30 2 0
github.com/seatgeek/auth0-operator/api/v1/zz_generated.deepcopy.go:1211.30,1215.3 3 0
github.com/seatgeek/auth0-operator/api/v1/zz_generated.deepcopy.go:1216.2,1216.28 1 0
github.com/seatgeek/auth0-operator/api/v1/zz_generated.deepcopy.go:1216.28,1220.3 3 0
github.com/seatgeek/auth0-operator/api/v1/zz_generated.deepcopy.go:1224.52,1225.15 1 0
github.com/seatgeek/auth0-operator/api/v1/zz_generated.deepcopy.go:1225.15,1227.3 1 0
github.com/seatgeek/auth0-operator/api/v1/zz_generated.deepcopy.go:1228.2,1230.12 3 0
github.com/seatgeek/auth0-operator/api/v1/zz_generated.deepcopy.go:1234.51,1236.35 2 0
github.com/seatgeek/auth0-operator/api/v1/zz_generated.deepcopy.go:1236.35,1240.3 3 0
github.com/seatgeek/auth0-operator/api/v1/zz_generated.deepcopy.go:1241.2,1241.22 1 0
github.com/seatgeek/auth0-operator/api/v1/zz_generated.deepcopy.go:1241.22,1245.3 3 0
github.com/seatgeek/auth0-operator/api/v1/zz_generated.deepcopy.go:1249.44,1250.15 1 0
github.com/seatgeek/auth0-operator/api/v1/zz_generated.deepcopy.go:1250.15,1252.3 1 0
github.com/seatgeek/auth0-operator/api/v1/zz_generated.deepcopy.go:1253.2,1255.12 3 0
github.com/seatgeek/auth0-operator/api/v1/zz_generated.deepcopy.go:1259.65,1261.37 2 0
github.com/seatgeek/auth0-operator/api/v1/zz_generated.deepcopy.go:1261.37,1265.3 3 0
github.com/seatgeek/auth0-operator/api/v1/zz_generated.deepcopy.go:1266.2,1266.43 1 0
github.com/seatgeek/auth0-operator/api/v1/zz_generated.deepcopy.go:1266.43,1270.3 3 0
github.com/seatgeek/auth0-operator/api/v1/zz_generated.deepcopy.go:1274.58,1275.15 1 0
github.com/seatgeek/auth0-operator/api/v1/zz_generated.deepcopy.go:1275.15,1277.3 1 0
github.com/seatgeek/auth0-operator/api/v1/zz_generated.deepcopy.go:1278.2,1280.12 3 0
github.com/seatgeek/auth0-operator/api/v1/zz_generated.deepcopy.go:1284.65,1286.27 2 0
github.com/seatgeek/auth0-operator/api/v1/zz_generated.deepcopy.go:1286.27,1289.22 3 0
github.com/seatgeek/auth0-operator/api/v1/zz_generated.deepcopy.go:1289.22,1291.4 1 0
github.com/seatgeek/auth0-operator/api/v1/zz_generated.deepcopy.go:1296.58,1297.15 1 0
github.com/seatgeek/auth0-operator/api/v1/zz_generated.deepcopy.go:1297.15,1299.3 1 0
github.com/seatgeek/auth0-operator/api/v1/zz_generated.deepcopy.go:1300.2,1302.12 3 0
github.com/seatgeek/auth0-operator/api/v1/zz_generated.deepcopy.go:1306.67,1308.25 2 0
github.com/seatgeek/auth0-operator/api/v1/zz_generated.deepcopy.go:1308.25,1312.3 3 0
github.com/seatgeek/auth0-operator/api/v1/zz_generated.deepcopy.go:1313.2,1313.24 1 0
github.com/seatgeek/auth0-operator/api/v1/zz_generated.deepcopy.go:1313.24,1317.3 3 0
github.com/seatgeek/auth0-operator/api/v1/zz_generated.deepcopy.go:1321.60,1322.15 1 0
github.com/seatgeek/auth0-operator/api/v1/zz_generated.deepcopy.go:1322.15,1324.3 1 0
github.com/seatgeek/auth0-operator/api/v1/zz_generated.deepcopy.go:1325.2,1327.12 3 0
github.com/seatgeek/auth0-operator/api/v1/zz_generated.deepcopy.go:1331.57,1333.28 2 0
github.com/seatgeek/auth0-operator/api/v1/zz_generated.deepcopy.go:1333.28,1337.3 3 0
github.com/seatgeek/auth0-operator/api/v1/zz_generated.deepcopy.go:1338.2,1338.30 1 0
github.com/seatgeek/auth0-operator/api/v1/zz_generated.deepcopy.go:1338.30,1342.3 3 0
github.com/seatgeek/auth0-operator/api/v1/zz_generated.deepcopy.go:1343.2,1343.22 1 0
github.com/seatgeek/auth0-operator/api/v1/zz_generated.deepcopy.go:1343.22,1347.3 3 0
github.com/seatgeek/auth0-operator/api/v1/zz_generated.deepcopy.go:1348.2,1348.29 1 0
github.com/seatgeek/auth0-operator/api/v1/zz_generated.deepcopy.go:1348.29,1352.3 3 0
github.com/seatgeek/auth0-operator/api/v1/zz_generated.deepcopy.go:1353.2,1353.37 1 0
github.com/seatgeek/auth0-operator/api/v1/zz_generated.deepcopy.go:1353.37,1357.3 3 0
github.com/seatgeek/auth0-operator/api/v1/zz_generated.deepcopy.go:1358.2,1358.33 1 0
github.com/seatgeek/auth0-operator/api/v1/zz_generated.deepcopy.go:1358.33,1362.3 3 0
github.com/seatgeek/auth0-operator/api/v1/zz_generated.deepcopy.go:1363.2,1363.41 1 0
github.com/seatgeek/auth0-operator/api/v1/zz_generated.deepcopy.go:1363.41,1367.3 3 0
github.com/seatgeek/auth0-operator/api/v1/zz_generated.deepcopy.go:1371.50,1372.15 1 0
github.com/seatgeek/auth0-operator/api/v1/zz_generated.deepcopy.go:1372.15,1374.3 1 0
github.com/seatgeek/auth0-operator/api/v1/zz_generated.deepcopy.go:1375.2,1377.12 3 0
github.com/seatgeek/auth0-operator/api/v1/zz_generated.deepcopy.go:1381.99,1383.20 2 0
github.com/seatgeek/auth0-operator/api/v1/zz_generated.deepcopy.go:1383.20,1387.3 3 0
github.com/seatgeek/auth0-operator/api/v1/zz_generated.deepcopy.go:1391.92,1392.15 1 0
github.com/seatgeek/auth0-operator/api/v1/zz_generated.deepcopy.go:1392.15,1394.3 1 0
github.com/seatgeek/auth0-operator/api/v1/zz_generated.deepcopy.go:1395.2,1397.12 3 0
github.com/seatgeek/auth0-operator/api/v1/zz_generated.deepcopy.go:1401.69,1403.18 2 0
github.com/seatgeek/auth0-operator/api/v1/zz_generated.deepcopy.go:1403.18,1407.3 3 0
github.com/seatgeek/auth0-operator/api/v1/zz_generated.deepcopy.go:1408.2,1408.26 1 0
github.com/seatgeek/auth0-operator/api/v1/zz_generated.deepcopy.go:1408.26,1412.3 3 0
github.com/seatgeek/auth0-operator/api/v1/zz_generated.deepcopy.go:1413.2,1413.20 1 0
github.com/seatgeek/auth0-operator/api/v1/zz_generated.deepcopy.go:1413.20,1417.3 3 0
github.com/seatgeek/auth0-operator/api/v1/zz_generated.deepcopy.go:1418.2,1418.22 1 0
github.com/seatgeek/auth0-operator/api/v1/zz_generated.deepcopy.go:1418.22,1421.22 3 0
github.com/seatgeek/auth0-operator/api/v1/zz_generated.deepcopy.go:1421.22,1423.4 1 0
github.com/seatgeek/auth0-operator/api/v1/zz_generated.deepcopy.go:1425.2,1425.32 1 0
github.com/seatgeek/auth0-operator/api/v1/zz_generated.deepcopy.go:1425.32,1429.3 3 0
github.com/seatgeek/auth0-operator/api/v1/zz_generated.deepcopy.go:1430.2,1430.29 1 0
github.com/seatgeek/auth0-operator/api/v1/zz_generated.deepcopy.go:1430.29,1434.3 3 0
github.com/seatgeek/auth0-operator/api/v1/zz_generated.deepcopy.go:1435.2,1435.34 1 0
github.com/seatgeek/auth0-operator/api/v1/zz_generated.deepcopy.go:1435.34,1439.3 3 0
github.com/seatgeek/auth0-operator/api/v1/zz_generated.deepcopy.go:1440.2,1440.29 1 0
github.com/seatgeek/auth0-operator/api/v1/zz_generated.deepcopy.go:1440.29,1444.3 3 0
github.com/seatgeek/auth0-operator/api/v1/zz_generated.deepcopy.go:1445.2,1445.35 1 0
github.com/seatgeek/auth0-operator/api/v1/zz_generated.deepcopy.go:1445.35,1449.3 3 0
github.com/seatgeek/auth0-operator/api/v1/zz_generated.deepcopy.go:1450.2,1450.57 1 0
github.com/seatgeek/auth0-operator/api/v1/zz_generated.deepcopy.go:1450.57,1454.3 3 0
github.com/seatgeek/auth0-operator/api/v1/zz_generated.deepcopy.go:1455.2,1455.36 1 0
github.com/seatgeek/auth0-operator/api/v1/zz_generated.deepcopy.go:1455.36,1459.3 3 0
github.com/seatgeek/auth0-operator/api/v1/zz_generated.deepcopy.go:1460.2,1460.23 1 0
github.com/seatgeek/auth0-operator/api/v1/zz_generated.deepcopy.go:1460.23,1464.3 3 0
github.com/seatgeek/auth0-operator/api/v1/zz_generated.deepcopy.go:1465.2,1465.29 1 0
github.com/seatgeek/auth0-operator/api/v1/zz_generated.deepcopy.go:1465.29,1469.3 3 0
github.com/seatgeek/auth0-operator/api/v1/zz_generated.deepcopy.go:1470.2,1470.28 1 0
github.com/seatgeek/auth0-operator/api/v1/zz_generated.deepcopy.go:1470.28,1474.3 3 0
github.com/seatgeek/auth0-operator/api/v1/zz_generated.deepcopy.go:1475.2,1475.29 1 0
github.com/seatgeek/auth0-operator/api/v1/zz_generated.deepcopy.go:1475.29,1479.3 3 0
github.com/seatgeek/auth0-operator/api/v1/zz_generated.deepcopy.go:1480.2,1480.36 1 0
github.com/seatgeek/auth0-operator/api/v1/zz_generated.deepcopy.go:1480.36,1483.22 3 0
github.com/seatgeek/auth0-operator/api/v1/zz_generated.deepcopy.go:1483.22,1485.4 1 0
github.com/seatgeek/auth0-operator/api/v1/zz_generated.deepcopy.go:1487.2,1487.31 1 0
github.com/seatgeek/auth0-operator/api/v1/zz_generated.deepcopy.go:1487.31,1491.3 3 0
github.com/seatgeek/auth0-operator/api/v1/zz_generated.deepcopy.go:1492.2,1492.33 1 0
github.com/seatgeek/auth0-operator/api/v1/zz_generated.deepcopy.go:1492.33,1496.3 3 0
github.com/seatgeek/auth0-operator/api/v1/zz_generated.deepcopy.go:1500.62,1501.15 1 0
github.com/seatgeek/auth0-operator/api/v1/zz_generated.deepcopy.go:1501.15,1503.3 1 0
github.com/seatgeek/auth0-operator/api/v1/zz_generated.deepcopy.go:1504.2,1506.12 3 0
github.com/seatgeek/auth0-operator/api/v1/zz_generated.deepcopy.go:1510.71,1512.21 2 0
github.com/seatgeek/auth0-operator/api/v1/zz_generated.deepcopy.go:1512.21,1516.3 3 0
github.com/seatgeek/auth0-operator/api/v1/zz_generated.deepcopy.go:1517.2,1517.27 1 0
github.com/seatgeek/auth0-operator/api/v1/zz_generated.deepcopy.go:1517.27,1521.3 3 0
github.com/seatgeek/auth0-operator/api/v1/zz_generated.deepcopy.go:1525.64,1526.15 1 0
github.com/seatgeek/auth0-operator/api/v1/zz_generated.deepcopy.go:1526.15,1528.3 1 0
github.com/seatgeek/auth0-operator/api/v1/zz_generated.deepcopy.go:1529.2,1531.12 3 0
github.com/seatgeek/auth0-operator/api/v1/zz_generated.deepcopy.go:1535.53,1537.23 2 0
github.com/seatgeek/auth0-operator/api/v1/zz_generated.deepcopy.go:1537.23,1541.3 3 0
github.com/seatgeek/auth0-operator/api/v1/zz_generated.deepcopy.go:1545.46,1546.15 1 0
github.com/seatgeek/auth0-operator/api/v1/zz_generated.deepcopy.go:1546.15,1548.3 1 0
github.com/seatgeek/auth0-operator/api/v1/zz_generated.deepcopy.go:1549.2,1551.12 3 0
github.com/seatgeek/auth0-operator/api/v1/zz_generated.deepcopy.go:1555.45,1557.21 2 0
github.com/seatgeek/auth0-operator/api/v1/zz_generated.deepcopy.go:1557.21,1561.3 3 0
github.com/seatgeek/auth0-operator/api/v1/zz_generated.deepcopy.go:1562.2,1562.32 1 0
github.com/seatgeek/auth0-operator/api/v1/zz_generated.deepcopy.go:1562.32,1566.3 3 0
github.com/seatgeek/auth0-operator/api/v1/zz_generated.deepcopy.go:1567.2,1567.23 1 0
github.com/seatgeek/auth0-operator/api/v1/zz_generated.deepcopy.go:1567.23,1571.3 3 0
github.com/seatgeek/auth0-operator/api/v1/zz_generated.deepcopy.go:1572.2,1572.26 1 0
github.com/seatgeek/auth0-operator/api/v1/zz_generated.deepcopy.go:1572.26,1576.3 3 0
github.com/seatgeek/auth0-operator/api/v1/zz_generated.deepcopy.go:1577.2,1577.22 1 0
github.com/seatgeek/auth0-operator/api/v1/zz_generated.deepcopy.go:1577.22,1581.3 3 0
github.com/seatgeek/auth0-operator/api/v1/zz_generated.deepcopy.go:1582.2,1582.21 1 0
github.com/seatgeek/auth0-operator/api/v1/zz_generated.deepcopy.go:1582.21,1586.3 3 0
github.com/seatgeek/auth0-operator/api/v1/zz_generated.deepcopy.go:1590.38,1591.15 1 0
github.com/seatgeek/auth0-operator/api/v1/zz_generated.deepcopy.go:1591.15,1593.3 1 0
github.com/seatgeek/auth0-operator/api/v1/zz_generated.deepcopy.go:1594.2,1596.12 3 0
github.com/seatgeek/auth0-operator/api/v1/zz_generated.deepcopy.go:1600.85,1602.27 2 0
github.com/seatgeek/auth0-operator/api/v1/zz_generated.deepcopy.go:1602.27,1605.22 3 0
github.com/seatgeek/auth0-operator/api/v1/zz_generated.deepcopy.go:1605.22,1607.4 1 0
github.com/seatgeek/auth0-operator/api/v1/zz_generated.deepcopy.go:1612.78,1613.15 1 0
github.com/seatgeek/auth0-operator/api/v1/zz_generated.deepcopy.go:1613.15,1615.3 1 0
github.com/seatgeek/auth0-operator/api/v1/zz_generated.deepcopy.go:1616.2,1618.12 3 0
github.com/seatgeek/auth0-operator/api/v1/zz_generated.deepcopy.go:1622.59,1624.20 2 0
github.com/seatgeek/auth0-operator/api/v1/zz_generated.deepcopy.go:1624.20,1628.3 3 0
github.com/seatgeek/auth0-operator/api/v1/zz_generated.deepcopy.go:1632.52,1633.15 1 0
github.com/seatgeek/auth0-operator/api/v1/zz_generated.deepcopy.go:1633.15,1635.3 1 0
github.com/seatgeek/auth0-operator/api/v1/zz_generated.deepcopy.go:1636.2,1638.12 3 0
github.com/seatgeek/auth0-operator/api/v1/zz_generated.deepcopy.go:1642.71,1644.24 2 0
github.com/seatgeek/auth0-operator/api/v1/zz_generated.deepcopy.go:1644.24,1648.3 3 0
github.com/seatgeek/auth0-operator/api/v1/zz_generated.deepcopy.go:1649.2,1649.27 1 0
github.com/seatgeek/auth0-operator/api/v1/zz_generated.deepcopy.go:1649.27,1652.22 3 0
github.com/seatgeek/auth0-operator/api/v1/zz_generated.deepcopy.go:1652.22,1654.4 1 0
github.com/seatgeek/auth0-operator/api/v1/zz_generated.deepcopy.go:1659.64,1660.15 1 0
github.com/seatgeek/auth0-operator/api/v1/zz_generated.deepcopy.go:1660.15,1662.3 1 0
github.com/seatgeek/auth0-operator/api/v1/zz_generated.deepcopy.go:1663.2,1665.12 3 0
github.com/seatgeek/auth0-operator/api/v1/zz_generated.deepcopy.go:1669.53,1671.20 2 0
github.com/seatgeek/auth0-operator/api/v1/zz_generated.deepcopy.go:1671.20,1675.3 3 0
github.com/seatgeek/auth0-operator/api/v1/zz_generated.deepcopy.go:1676.2,1676.19 1 0
github.com/seatgeek/auth0-operator/api/v1/zz_generated.deepcopy.go:1676.19,1680.3 3 0
github.com/seatgeek/auth0-operator/api/v1/zz_generated.deepcopy.go:1681.2,1681.21 1 0
github.com/seatgeek/auth0-operator/api/v1/zz_generated.deepcopy.go:1681.21,1685.3 3 0
github.com/seatgeek/auth0-operator/api/v1/zz_generated.deepcopy.go:1689.46,1690.15 1 0
github.com/seatgeek/auth0-operator/api/v1/zz_generated.deepcopy.go:1690.15,1692.3 1 0
github.com/seatgeek/auth0-operator/api/v1/zz_generated.deepcopy.go:1693.2,1695.12 3 0
github.com/seatgeek/auth0-operator/api/v1/zz_generated.deepcopy.go:1699.53,1701.22 2 0
github.com/seatgeek/auth0-operator/api/v1/zz_generated.deepcopy.go:1701.22,1705.3 3 0
github.com/seatgeek/auth0-operator/api/v1/zz_generated.deepcopy.go:1706.2,1706.25 1 0
github.com/seatgeek/auth0-operator/api/v1/zz_generated.deepcopy.go:1706.25,1710.3 3 0
github.com/seatgeek/auth0-operator/api/v1/zz_generated.deepcopy.go:1714.46,1715.15 1 0
github.com/seatgeek/auth0-operator/api/v1/zz_generated.deepcopy.go:1715.15,1717.3 1 0
github.com/seatgeek/auth0-operator/api/v1/zz_generated.deepcopy.go:1718.2,1720.12 3 0
github.com/seatgeek/auth0-operator/api/v1/zz_generated.deepcopy.go:1724.73,1726.23 2 0
github.com/seatgeek/auth0-operator/api/v1/zz_generated.deepcopy.go:1726.23,1730.3 3 0
github.com/seatgeek/auth0-operator/api/v1/zz_generated.deepcopy.go:1731.2,1731.20 1 0
github.com/seatgeek/auth0-operator/api/v1/zz_generated.deepcopy.go:1731.20,1735.3 3 0
github.com/seatgeek/auth0-operator/api/v1/zz_generated.deepcopy.go:1739.66,1740.15 1 0
github.com/seatgeek/auth0-operator/api/v1/zz_generated.deepcopy.go:1740.15,1742.3 1 0
github.com/seatgeek/auth0-operator/api/v1/zz_generated.deepcopy.go:1743.2,1745.12 3 0
github.com/seatgeek/auth0-operator/api/v1/zz_generated.deepcopy.go:1749.53,1751.28 2 0
github.com/seatgeek/auth0-operator/api/v1/zz_generated.deepcopy.go:1751.28,1755.3 3 0
github.com/seatgeek/auth0-operator/api/v1/zz_generated.deepcopy.go:1756.2,1756.28 1 0
github.com/seatgeek/auth0-operator/api/v1/zz_generated.deepcopy.go:1756.28,1760.3 3 0
github.com/seatgeek/auth0-operator/api/v1/zz_generated.deepcopy.go:1761.2,1761.26 1 0
github.com/seatgeek/auth0-operator/api/v1/zz_generated.deepcopy.go:1761.26,1765.3 3 0
github.com/seatgeek/auth0-operator/api/v1/zz_generated.deepcopy.go:1766.2,1766.30 1 0
github.com/seatgeek/auth0-operator/api/v1/zz_generated.deepcopy.go:1766.30,1770.3 3 0
github.com/seatgeek/auth0-operator/api/v1/zz_generated.deepcopy.go:1771.2,1771.30 1 0
github.com/seatgeek/auth0-operator/api/v1/zz_generated.deepcopy.go:1771.30,1775.3 3 0
github.com/seatgeek/auth0-operator/api/v1/zz_generated.deepcopy.go:1776.2,1776.31 1 0
github.com/seatgeek/auth0-operator/api/v1/zz_generated.deepcopy.go:1776.31,1780.3 3 0
github.com/seatgeek/auth0-operator/api/v1/zz_generated.deepcopy.go:1781.2,1781.31 1 0
github.com/seatgeek/auth0-operator/api/v1/zz_generated.deepcopy.go:1781.31,1785.3 3 0
github.com/seatgeek/auth0-operator/api/v1/zz_generated.deepcopy.go:1786.2,1786.32 1 0
github.com/seatgeek/auth0-operator/api/v1/zz_generated.deepcopy.go:1786.32,1790.3 3 0
github.com/seatgeek/auth0-operator/api/v1/zz_generated.deepcopy.go:1791.2,1791.25 1 0
github.com/seatgeek/auth0-operator/api/v1/zz_generated.deepcopy.go:1791.25,1795.3 3 0
github.com/seatgeek/auth0-operator/api/v1/zz_generated.deepcopy.go:1796.2,1796.26 1 0
github.com/seatgeek/auth0-operator/api/v1/zz_generated.deepcopy.go:1796.26,1800.3 3 0
github.com/seatgeek/auth0-operator/api/v1/zz_generated.deepcopy.go:1801.2,1801.21 1 0
github.com/seatgeek/auth0-operator/api/v1/zz_generated.deepcopy.go:1801.21,1805.3 3 0
github.com/seatgeek/auth0-operator/api/v1/zz_generated.deepcopy.go:1806.2,1806.29 1 0
github.com/seatgeek/auth0-operator/api/v1/zz_generated.deepcopy.go:1806.29,1810.3 3 0
github.com/seatgeek/auth0-operator/api/v1/zz_generated.deepcopy.go:1811.2,1811.24 1 0
github.com/seatgeek/auth0-operator/api/v1/zz_generated.deepcopy.go:1811.24,1815.3 3 0
github.com/seatgeek/auth0-operator/api/v1/zz_generated.deepcopy.go:1816.2,1816.30 1 0
github.com/seatgeek/auth0-operator/api/v1/zz_generated.deepcopy.go:1816.30,1820.3 3 0
github.com/seatgeek/auth0-operator/api/v1/zz_generated.deepcopy.go:1821.2,1821.35 1 0
github.com/seatgeek/auth0-operator/api/v1/zz_generated.deepcopy.go:1821.35,1825.3 3 0
github.com/seatgeek/auth0-operator/api/v1/zz_generated.deepcopy.go:1826.2,1826.31 1 0
github.com/seatgeek/auth0-operator/api/v1/zz_generated.deepcopy.go:1826.31,1830.3 3 0
github.com/seatgeek/auth0-operator/api/v1/zz_generated.deepcopy.go:1831.2,1831.33 1 0
github.com/seatgeek/auth0-operator/api/v1/zz_generated.deepcopy.go:1831.33,1835.3 3 0
github.com/seatgeek/auth0-operator/api/v1/zz_generated.deepcopy.go:1836.2,1836.33 1 0
github.com/seatgeek/auth0-operator/api/v1/zz_generated.deepcopy.go:1836.33,1840.3 3 0
github.com/seatgeek/auth0-operator/api/v1/zz_generated.deepcopy.go:1844.46,1845.15 1 0
github.com/seatgeek/auth0-operator/api/v1/zz_generated.deepcopy.go:1845.15,1847.3 1 0
github.com/seatgeek/auth0-operator/api/v1/zz_generated.deepcopy.go:1848.2,1850.12 3 0
github.com/seatgeek/auth0-operator/api/v1/zz_generated.deepcopy.go:1854.65,1856.23 2 0
github.com/seatgeek/auth0-operator/api/v1/zz_generated.deepcopy.go:1856.23,1860.3 3 0
github.com/seatgeek/auth0-operator/api/v1/zz_generated.deepcopy.go:1861.2,1861.20 1 0
github.com/seatgeek/auth0-operator/api/v1/zz_generated.deepcopy.go:1861.20,1865.3 3 0
github.com/seatgeek/auth0-operator/api/v1/zz_generated.deepcopy.go:1869.58,1870.15 1 0
github.com/seatgeek/auth0-operator/api/v1/zz_generated.deepcopy.go:1870.15,1872.3 1 0
github.com/seatgeek/auth0-operator/api/v1/zz_generated.deepcopy.go:1873.2,1875.12 3 0
github.com/seatgeek/auth0-operator/api/v1/zz_generated.deepcopy.go:1879.63,1881.20 2 0
github.com/seatgeek/auth0-operator/api/v1/zz_generated.deepcopy.go:1881.20,1885.3 3 0
github.com/seatgeek/auth0-operator/api/v1/zz_generated.deepcopy.go:1886.2,1886.27 1 0
github.com/seatgeek/auth0-operator/api/v1/zz_generated.deepcopy.go:1886.27,1890.3 3 0
github.com/seatgeek/auth0-operator/api/v1/zz_generated.deepcopy.go:1891.2,1891.19 1 0
github.com/seatgeek/auth0-operator/api/v1/zz_generated.deepcopy.go:1891.19,1895.3 3 0
github.com/seatgeek/auth0-operator/api/v1/zz_generated.deepcopy.go:1899.56,1900.15 1 0
github.com/seatgeek/auth0-operator/api/v1/zz_generated.deepcopy.go:1900.15,1902.3 1 0
github.com/seatgeek/auth0-operator/api/v1/zz_generated.deepcopy.go:1903.2,1905.12 3 0
github.com/seatgeek/auth0-operator/api/v1/zz_generated.deepcopy.go:1909.55,1911.36 2 0
github.com/seatgeek/auth0-operator/api/v1/zz_generated.deepcopy.go:1911.36,1915.3 3 0
github.com/seatgeek/auth0-operator/api/v1/zz_generated.deepcopy.go:1916.2,1916.39 1 0
github.com/seatgeek/auth0-operator/api/v1/zz_generated.deepcopy.go:1916.39,1920.3 3 0
github.com/seatgeek/auth0-operator/api/v1/zz_generated.deepcopy.go:1921.2,1921.33 1 0
github.com/seatgeek/auth0-operator/api/v1/zz_generated.deepcopy.go:1921.33,1925.3 3 0
github.com/seatgeek/auth0-operator/api/v1/zz_generated.deepcopy.go:1926.2,1926.32 1 0
github.com/seatgeek/auth0-operator/api/v1/zz_generated.deepcopy.go:1926.32,1930.3 3 0
github.com/seatgeek/auth0-operator/api/v1/zz_generated.deepcopy.go:1931.2,1931.47 1 0
github.com/seatgeek/auth0-operator/api/v1/zz_generated.deepcopy.go:1931.47,1935.3 3 0
github.com/seatgeek/auth0-operator/api/v1/zz_generated.deepcopy.go:1936.2,1936.42 1 0
github.com/seatgeek/auth0-operator/api/v1/zz_generated.deepcopy.go:1936.42,1940.3 3 0
github.com/seatgeek/auth0-operator/api/v1/zz_generated.deepcopy.go:1941.2,1941.30 1 0
github.com/seatgeek/auth0-operator/api/v1/zz_generated.deepcopy.go:1941.30,1945.3 3 0
github.com/seatgeek/auth0-operator/api/v1/zz_generated.deepcopy.go:1946.2,1946.40 1 0
github.com/seatgeek/auth0-operator/api/v1/zz_generated.deepcopy.go:1946.40,1950.3 3 0
github.com/seatgeek/auth0-operator/api/v1/zz_generated.deepcopy.go:1951.2,1951.49 1 0
github.com/seatgeek/auth0-operator/api/v1/zz_generated.deepcopy.go:1951.49,1955.3 3 0
github.com/seatgeek/auth0-operator/api/v1/zz_generated.deepcopy.go:1956.2,1956.49 1 0
github.com/seatgeek/auth0-operator/api/v1/zz_generated.deepcopy.go:1956.49,1960.3 3 0
github.com/seatgeek/auth0-operator/api/v1/zz_generated.deepcopy.go:1961.2,1961.24 1 0
github.com/seatgeek/auth0-operator/api/v1/zz_generated.deepcopy.go:1961.24,1965.3 3 0
github.com/seatgeek/auth0-operator/api/v1/zz_generated.deepcopy.go:1966.2,1966.47 1 0
github.com/seatgeek/auth0-operator/api/v1/zz_generated.deepcopy.go:1966.47,1970.3 3 0
github.com/seatgeek/auth0-operator/api/v1/zz_generated.deepcopy.go:1971.2,1971.39 1 0
github.com/seatgeek/auth0-operator/api/v1/zz_generated.deepcopy.go:1971.39,1975.3 3 0
github.com/seatgeek/auth0-operator/api/v1/zz_generated.deepcopy.go:1976.2,1976.44 1 0
github.com/seatgeek/auth0-operator/api/v1/zz_generated.deepcopy.go:1976.44,1980.3 3 0
github.com/seatgeek/auth0-operator/api/v1/zz_generated.deepcopy.go:1981.2,1981.35 1 0
github.com/seatgeek/auth0-operator/api/v1/zz_generated.deepcopy.go:1981.35,1985.3 3 0
github.com/seatgeek/auth0-operator/api/v1/zz_generated.deepcopy.go:1986.2,1986.32 1 0
github.com/seatgeek/auth0-operator/api/v1/zz_generated.deepcopy.go:1986.32,1990.3 3 0
github.com/seatgeek/auth0-operator/api/v1/zz_generated.deepcopy.go:1991.2,1991.42 1 0
github.com/seatgeek/auth0-operator/api/v1/zz_generated.deepcopy.go:1991.42,1995.3 3 0
github.com/seatgeek/auth0-operator/api/v1/zz_generated.deepcopy.go:1999.48,2000.15 1 0
github.com/seatgeek/auth0-operator/api/v1/zz_generated.deepcopy.go:2000.15,2002.3 1 0
github.com/seatgeek/auth0-operator/api/v1/zz_generated.deepcopy.go:2003.2,2005.12 3 0
github.com/seatgeek/auth0-operator/api/v1/zz_generated.deepcopy.go:2009.75,2011.23 2 0
github.com/seatgeek/auth0-operator/api/v1/zz_generated.deepcopy.go:2011.23,2015.3 3 0
github.com/seatgeek/auth0-operator/api/v1/zz_generated.deepcopy.go:2016.2,2016.20 1 0
github.com/seatgeek/auth0-operator/api/v1/zz_generated.deepcopy.go:2016.20,2020.3 3 0
github.com/seatgeek/auth0-operator/api/v1/zz_generated.deepcopy.go:2024.68,2025.15 1 0
github.com/seatgeek/auth0-operator/api/v1/zz_generated.deepcopy.go:2025.15,2027.3 1 0
github.com/seatgeek/auth0-operator/api/v1/zz_generated.deepcopy.go:2028.2,2030.12 3 0
github.com/seatgeek/auth0-operator/api/v1/zz_generated.deepcopy.go:2034.65,2036.27 2 0
github.com/seatgeek/auth0-operator/api/v1/zz_generated.deepcopy.go:2036.27,2039.22 3 0
github.com/seatgeek/auth0-operator/api/v1/zz_generated.deepcopy.go:2039.22,2041.4 1 0
github.com/seatgeek/auth0-operator/api/v1/zz_generated.deepcopy.go:2046.58,2047.15 1 0
github.com/seatgeek/auth0-operator/api/v1/zz_generated.deepcopy.go:2047.15,2049.3 1 0
github.com/seatgeek/auth0-operator/api/v1/zz_generated.deepcopy.go:2050.2,2052.12 3 0
github.com/seatgeek/auth0-operator/api/v1/zz_generated.deepcopy.go:2056.63,2058.29 2 0
github.com/seatgeek/auth0-operator/api/v1/zz_generated.deepcopy.go:2058.29,2062.3 3 0
github.com/seatgeek/auth0-operator/api/v1/zz_generated.deepcopy.go:2063.2,2063.22 1 0
github.com/seatgeek/auth0-operator/api/v1/zz_generated.deepcopy.go:2063.22,2067.3 3 0
github.com/seatgeek/auth0-operator/api/v1/zz_generated.deepcopy.go:2071.56,2072.15 1 0
github.com/seatgeek/auth0-operator/api/v1/zz_generated.deepcopy.go:2072.15,2074.3 1 0
github.com/seatgeek/auth0-operator/api/v1/zz_generated.deepcopy.go:2075.2,2077.12 3 0
github.com/seatgeek/auth0-operator/api/v1/zz_generated.deepcopy.go:2081.69,2083.20 2 0
github.com/seatgeek/auth0-operator/api/v1/zz_generated.deepcopy.go:2083.20,2087.3 3 0
github.com/seatgeek/auth0-operator/api/v1/zz_generated.deepcopy.go:2088.2,2088.25 1 0
github.com/seatgeek/auth0-operator/api/v1/zz_generated.deepcopy.go:2088.25,2092.3 3 0
github.com/seatgeek/auth0-operator/api/v1/zz_generated.deepcopy.go:2093.2,2093.21 1 0
github.com/seatgeek/auth0-operator/api/v1/zz_generated.deepcopy.go:2093.21,2097.3 3 0
github.com/seatgeek/auth0-operator/api/v1/zz_generated.deepcopy.go:2098.2,2098.19 1 0
github.com/seatgeek/auth0-operator/api/v1/zz_generated.deepcopy.go:2098.19,2102.3 3 0
github.com/seatgeek/auth0-operator/api/v1/zz_generated.deepcopy.go:2106.62,2107.15 1 0
github.com/seatgeek/auth0-operator/api/v1/zz_generated.deepcopy.go:2107.15,2109.3 1 0
github.com/seatgeek/auth0-operator/api/v1/zz_generated.deepcopy.go:2110.2,2112.12 3 0
github.com/seatgeek/auth0-operator/api/v1/zz_generated.deepcopy.go:2116.67,2118.25 2 0
github.com/seatgeek/auth0-operator/api/v1/zz_generated.deepcopy.go:2118.25,2122.3 3 0
github.com/seatgeek/auth0-operator/api/v1/zz_generated.deepcopy.go:2123.2,2123.20 1 0
github.com/seatgeek/auth0-operator/api/v1/zz_generated.deepcopy.go:2123.20,2127.3 3 0
github.com/seatgeek/auth0-operator/api/v1/zz_generated.deepcopy.go:2128.2,2128.18 1 0
github.com/seatgeek/auth0-operator/api/v1/zz_generated.deepcopy.go:2128.18,2132.3 3 0
github.com/seatgeek/auth0-operator/api/v1/zz_generated.deepcopy.go:2136.60,2137.15 1 0
github.com/seatgeek/auth0-operator/api/v1/zz_generated.deepcopy.go:2137.15,2139.3 1 0
github.com/seatgeek/auth0-operator/api/v1/zz_generated.deepcopy.go:2140.2,2142.12 3 0
github.com/seatgeek/auth0-operator/api/v1/zz_generated.deepcopy.go:2146.75,2148.25 2 0
github.com/seatgeek/auth0-operator/api/v1/zz_generated.deepcopy.go:2148.25,2152.3 3 0
github.com/seatgeek/auth0-operator/api/v1/zz_generated.deepcopy.go:2153.2,2153.20 1 0
github.com/seatgeek/auth0-operator/api/v1/zz_generated.deepcopy.go:2153.20,2157.3 3 0
github.com/seatgeek/auth0-operator/api/v1/zz_generated.deepcopy.go:2158.2,2158.18 1 0
github.com/seatgeek/auth0-operator/api/v1/zz_generated.deepcopy.go:2158.18,2162.3 3 0
github.com/seatgeek/auth0-operator/api/v1/zz_generated.deepcopy.go:2166.68,2167.15 1 0
github.com/seatgeek/auth0-operator/api/v1/zz_generated.deepcopy.go:2167.15,2169.3 1 0
github.com/seatgeek/auth0-operator/api/v1/zz_generated.deepcopy.go:2170.2,2172.12 3 0
github.com/seatgeek/auth0-operator/api/v1/zz_generated.deepcopy.go:2176.83,2178.26 2 0
github.com/seatgeek/auth0-operator/api/v1/zz_generated.deepcopy.go:2178.26,2182.3 3 0
github.com/seatgeek/auth0-operator/api/v1/zz_generated.deepcopy.go:2183.2,2183.22 1 0
github.com/seatgeek/auth0-operator/api/v1/zz_generated.deepcopy.go:2183.22,2187.3 3 0
github.com/seatgeek/auth0-operator/api/v1/zz_generated.deepcopy.go:2191.76,2192.15 1 0
github.com/seatgeek/auth0-operator/api/v1/zz_generated.deepcopy.go:2192.15,2194.3 1 0
github.com/seatgeek/auth0-operator/api/v1/zz_generated.deepcopy.go:2195.2,2197.12 3 0
github.com/seatgeek/auth0-operator/api/v1/zz_generated.deepcopy.go:2201.67,2203.2 1 0
github.com/seatgeek/auth0-operator/api/v1/zz_generated.deepcopy.go:2206.60,2207.15 1 0
github.com/seatgeek/auth0-operator/api/v1/zz_generated.deepcopy.go:2207.15,2209.3 1 0
github.com/seatgeek/auth0-operator/api/v1/zz_generated.deepcopy.go:2210.2,2212.12 3 0
github.com/seatgeek/auth0-operator/api/v1/zz_generated.deepcopy.go:2216.67,2218.25 2 0
github.com/seatgeek/auth0-operator/api/v1/zz_generated.deepcopy.go:2218.25,2222.3 3 0
github.com/seatgeek/auth0-operator/api/v1/zz_generated.deepcopy.go:2226.60,2227.15 1 0
github.com/seatgeek/auth0-operator/api/v1/zz_generated.deepcopy.go:2227.15,2229.3 1 0
github.com/seatgeek/auth0-operator/api/v1/zz_generated.deepcopy.go:2230.2,2232.12 3 0
